<?xml version="1.0" encoding="UTF-8"?>
<!-- Generated by org.testng.reporters.JUnitXMLReporter -->
<testsuite ignored="0" hostname="AKASH" failures="0" tests="5" name="Test" time="40.134" errors="0" timestamp="2025-08-26T10:50:10 IST">
  <testcase classname="testscripts.NewTest" name="f" time="8.611"/>
  <testcase classname="testscripts.NewTest" name="f" time="5.822"/>
  <testcase classname="testscripts.NewTest" name="f" time="6.14"/>
  <testcase classname="testscripts.Tng_001" name="f" time="5.882"/>
  <testcase classname="testscripts.Tng_001" name="f" time="6.341"/>
</testsuite> <!-- Test -->
