<?xml version="1.0" encoding="UTF-8"?>
<!-- Generated by org.testng.reporters.JUnitXMLReporter -->
<testsuite ignored="2" hostname="AKASH" failures="0" tests="1" name="Regression Tests" time="0.006" errors="0" timestamp="2025-08-26T15:31:42 IST">
  <testcase classname="testscripts.Tc_010_Groups" name="paymentTest" time="0.001"/>
  <testcase classname="testscripts.Tc_010_Groups" name="loginTest" time="0.0">
    <ignored/>
  </testcase> <!-- loginTest -->
  <testcase classname="testscripts.Tc_010_Groups" name="profileTest" time="0.0">
    <ignored/>
  </testcase> <!-- profileTest -->
</testsuite> <!-- Regression Tests -->
