<?xml version="1.0" encoding="UTF-8"?>
<!-- Generated by org.testng.reporters.JUnitXMLReporter -->
<testsuite ignored="2" hostname="AKASH" failures="0" tests="1" name="Smoke Tests" time="0.104" errors="0" timestamp="2025-08-26T15:31:42 IST">
  <testcase classname="testscripts.Tc_010_Groups" name="loginTest" time="0.027"/>
  <testcase classname="testscripts.Tc_010_Groups" name="paymentTest" time="0.0">
    <ignored/>
  </testcase> <!-- paymentTest -->
  <testcase classname="testscripts.Tc_010_Groups" name="profileTest" time="0.0">
    <ignored/>
  </testcase> <!-- profileTest -->
</testsuite> <!-- Smoke Tests -->
