<?xml version="1.0" encoding="UTF-8"?>
<!-- Generated by org.testng.reporters.JUnitXMLReporter -->
<testsuite ignored="4" hostname="AKASH" failures="0" tests="0" time="0.001" errors="0" timestamp="2025-08-26T15:29:06 IST">
  <testcase classname="testscripts.Tc_010_Groups" name="homePageTest" time="0.0">
    <ignored/>
  </testcase> <!-- homePageTest -->
  <testcase classname="testscripts.Tc_010_Groups" name="paymentTest" time="0.0">
    <ignored/>
  </testcase> <!-- paymentTest -->
  <testcase classname="testscripts.Tc_010_Groups" name="profileTest" time="0.0">
    <ignored/>
  </testcase> <!-- profileTest -->
  <testcase classname="testscripts.Tc_010_Groups" name="loginTest" time="0.0">
    <ignored/>
  </testcase> <!-- loginTest -->
</testsuite>
